<?xml version="1.0" encoding="UTF-8"?>
<!-- Generated by org.testng.reporters.JUnitXMLReporter -->
<testsuite hostname="kapilsurface" ignored="0" name="login" tests="3" failures="0" timestamp="05 Mar 2020 11:00:46 GMT" time="0.037" errors="0">
  <testcase name="testBoolean" time="0.021" classname="TestNGDemo.TestNG_ParametersDemo"/>
  <testcase name="testString" time="0.0" classname="TestNGDemo.TestNG_ParametersDemo"/>
  <testcase name="testSum" time="0.0" classname="TestNGDemo.TestNG_ParametersDemo"/>
</testsuite> <!-- login -->
