<?xml version="1.0" encoding="UTF-8"?>
<!-- Generated by org.testng.reporters.JUnitXMLReporter -->
<testsuite hostname="kapilsurface" ignored="0" name="Group Test" tests="6" failures="0" timestamp="04 Mar 2020 22:18:35 GMT" time="0.053" errors="0">
  <testcase name="testForgotPassword" time="0.016" classname="TestNGDemo.TestNG_GroupAttribute"/>
  <testcase name="testPassword" time="0.001" classname="TestNGDemo.TestNG_GroupAttribute"/>
  <testcase name="testTitle" time="0.0" classname="TestNGDemo.TestNG_GroupAttribute"/>
  <testcase name="testUserName" time="0.0" classname="TestNGDemo.TestNG_GroupAttribute"/>
  <testcase name="testheader" time="0.0" classname="TestNGDemo.TestNG_GroupAttribute"/>
  <testcase name="testlogo" time="0.0" classname="TestNGDemo.TestNG_GroupAttribute"/>
</testsuite> <!-- Group Test -->
