<?xml version="1.0" encoding="UTF-8"?>
<!-- Generated by org.testng.reporters.JUnitXMLReporter -->
<testsuite hostname="kapilsurface" ignored="0" name="Listener Application test" tests="2" failures="1" timestamp="13 Mar 2020 12:37:07 GMT" time="0.048" errors="0">
  <testcase name="testFalse" time="0.007" classname="TestNGDemo.Listeners_Demo">
    <failure type="java.lang.AssertionError" message="expected [true] but found [false]">
      <![CDATA[java.lang.AssertionError: expected [true] but found [false]
	at TestNGDemo.Listeners_Demo.testFalse(Listeners_Demo.java:18)
... Removed 29 stack frames]]>
    </failure>
  </testcase> <!-- testFalse -->
  <testcase name="testTrue" time="0.006" classname="TestNGDemo.Listeners_Demo"/>
</testsuite> <!-- Listener Application test -->
