<?xml version="1.0" encoding="UTF-8"?>
<!-- Generated by org.testng.reporters.JUnitXMLReporter -->
<testsuite hostname="kapilsurface" ignored="0" name="Extent Reporting test" tests="6" failures="0" timestamp="14 Mar 2020 18:03:44 GMT" time="99.865" errors="0">
  <testcase name="verifyWelcome" time="12.688" classname="TestNGDemo.TestNG_ExtentReport_Demo"/>
  <testcase name="verifyWelcome2" time="0.001" classname="TestNGDemo.TestNG_ExtentReport_Demo"/>
  <testcase name="verifyWelcome3" time="0.001" classname="TestNGDemo.TestNG_ExtentReport_Demo"/>
  <testcase name="verifyWelcome" time="12.052" classname="TestNGDemo.TestNG_ExtentReport_Demo2"/>
  <testcase name="verifyWelcome2" time="0.003" classname="TestNGDemo.TestNG_ExtentReport_Demo2"/>
  <testcase name="verifyWelcome3" time="0.004" classname="TestNGDemo.TestNG_ExtentReport_Demo2"/>
</testsuite> <!-- Extent Reporting test -->
