<?xml version="1.0" encoding="UTF-8"?>
<!-- Generated by org.testng.reporters.JUnitXMLReporter -->
<testsuite hostname="kapilsurface" ignored="4" name="flights" tests="2" failures="0" timestamp="05 Mar 2020 11:28:51 GMT" time="0.016" errors="0">
  <testcase name="testMethod1" time="0.016" classname="TestNGDemo.TestNGDemo_2"/>
  <testcase name="testMethod1" time="0.016" classname="TestNGDemo.TestNGDemo_1"/>
  <testcase name="@BeforeSuite beforeSuite" time="0.0" classname="BasePackage.BaseClass">
    <ignored/>
  </testcase> <!-- @BeforeSuite beforeSuite -->
  <testcase name="@BeforeTest beforeTest" time="0.0" classname="BasePackage.BaseClass">
    <ignored/>
  </testcase> <!-- @BeforeTest beforeTest -->
  <testcase name="@AfterSuite afterSuite" time="0.0" classname="BasePackage.BaseClass">
    <ignored/>
  </testcase> <!-- @AfterSuite afterSuite -->
  <testcase name="@AfterTest afterTest" time="0.0" classname="BasePackage.BaseClass">
    <ignored/>
  </testcase> <!-- @AfterTest afterTest -->
</testsuite> <!-- flights -->
